<?xml version="1.0" encoding="UTF-8"?>
<!-- Generated by org.testng.reporters.JUnitReportReporter -->
<testsuite skipped="0" hostname="RAGHAVENDRA" name="com.employeeapi.tests.UpdateeEmployee" tests="1" failures="0" timestamp="18 Mar 2020 15:00:06 GMT" time="2.011" errors="0">
  <testcase name="updateEmployee" time="2.011" classname="com.employeeapi.tests.UpdateeEmployee"/>
</testsuite> <!-- com.employeeapi.tests.UpdateeEmployee -->
