<?xml version="1.0" encoding="UTF-8"?>
<!-- Generated by org.testng.reporters.JUnitReportReporter -->
<testsuite skipped="0" hostname="RAGHAVENDRA" name="com.employeeapi.tests.GetAllEmployeeDataTest" tests="1" failures="0" timestamp="18 Mar 2020 14:27:39 GMT" time="1.215" errors="0">
  <testcase name="getAllEmployee" time="1.215" classname="com.employeeapi.tests.GetAllEmployeeDataTest"/>
</testsuite> <!-- com.employeeapi.tests.GetAllEmployeeDataTest -->
