<?xml version="1.0" encoding="UTF-8"?>
<!-- Generated by org.testng.reporters.JUnitReportReporter -->
<testsuite skipped="0" hostname="RAGHAVENDRA" name="com.employeeapi.tests.CreateEmployee" tests="1" failures="0" timestamp="18 Mar 2020 14:28:14 GMT" time="2.086" errors="0">
  <testcase name="createEmployee" time="2.086" classname="com.employeeapi.tests.CreateEmployee"/>
</testsuite> <!-- com.employeeapi.tests.CreateEmployee -->
